<?xml version="1.0" encoding="UTF-8"?>
<!-- Generated by org.testng.reporters.JUnitReportReporter -->
<testsuite hostname="LTIN487229" failures="0" tests="1" name="pageObject.BeCognizantHome" time="17.221" errors="0" timestamp="2024-03-27T16:22:20 IST" skipped="0">
  <testcase classname="pageObject.BeCognizantHome" name="homePage" time="17.221"/>
</testsuite> <!-- pageObject.BeCognizantHome -->
